Analysis & Synthesis report for MIPS
Fri Jun 19 03:11:46 2020
Quartus Prime Version 19.1.0 Build 670 09/22/2019 SJ Lite Edition


---------------------
; Table of Contents ;
---------------------
  1. Legal Notice
  2. Analysis & Synthesis Summary
  3. Analysis & Synthesis Settings
  4. Parallel Compilation
  5. Analysis & Synthesis Source Files Read
  6. Analysis & Synthesis Resource Usage Summary
  7. Analysis & Synthesis Resource Utilization by Entity
  8. Registers Removed During Synthesis
  9. Removed Registers Triggering Further Register Optimizations
 10. General Register Statistics
 11. Parameter Settings for User Entity Instance: Top-level Entity: |DATAPATH_MIPS
 12. Parameter Settings for User Entity Instance: u_PC:u_PC1
 13. Parameter Settings for User Entity Instance: MUX_32:u_MUX_5
 14. Parameter Settings for User Entity Instance: MUX_32:u_MUX_32_ULA
 15. Parameter Settings for User Entity Instance: MUX_32:u_MUX_32_B
 16. Parameter Settings for User Entity Instance: MUX_32:u_MUX_32_J
 17. Parameter Settings for User Entity Instance: MUX_32:u_MUX_32_D
 18. Parameter Settings for User Entity Instance: BANK_REGISTER:u_BANK_REGISTER
 19. Parameter Settings for User Entity Instance: ULA_MIPS:u_ULA_MIPS
 20. Parameter Settings for User Entity Instance: DATA_MEMORY:u_DATA_MEMORY
 21. Port Connectivity Checks: "SHIFT_2_32:u_SHIFT_2_32"
 22. Post-Synthesis Netlist Statistics for Top Partition
 23. Elapsed Time Per Partition
 24. Analysis & Synthesis Messages



----------------
; Legal Notice ;
----------------
Copyright (C) 2019  Intel Corporation. All rights reserved.
Your use of Intel Corporation's design tools, logic functions 
and other software and tools, and any partner logic 
functions, and any output files from any of the foregoing 
(including device programming or simulation files), and any 
associated documentation or information are expressly subject 
to the terms and conditions of the Intel Program License 
Subscription Agreement, the Intel Quartus Prime License Agreement,
the Intel FPGA IP License Agreement, or other applicable license
agreement, including, without limitation, that your use is for
the sole purpose of programming logic devices manufactured by
Intel and sold by Intel or its authorized distributors.  Please
refer to the applicable agreement for further details, at
https://fpgasoftware.intel.com/eula.



+-------------------------------------------------------------------------------+
; Analysis & Synthesis Summary                                                  ;
+---------------------------------+---------------------------------------------+
; Analysis & Synthesis Status     ; Successful - Fri Jun 19 03:11:46 2020       ;
; Quartus Prime Version           ; 19.1.0 Build 670 09/22/2019 SJ Lite Edition ;
; Revision Name                   ; MIPS                                        ;
; Top-level Entity Name           ; DATAPATH_MIPS                               ;
; Family                          ; Cyclone V                                   ;
; Logic utilization (in ALMs)     ; N/A                                         ;
; Total registers                 ; 0                                           ;
; Total pins                      ; 17                                          ;
; Total virtual pins              ; 0                                           ;
; Total block memory bits         ; 0                                           ;
; Total DSP Blocks                ; 0                                           ;
; Total HSSI RX PCSs              ; 0                                           ;
; Total HSSI PMA RX Deserializers ; 0                                           ;
; Total HSSI TX PCSs              ; 0                                           ;
; Total HSSI PMA TX Serializers   ; 0                                           ;
; Total PLLs                      ; 0                                           ;
; Total DLLs                      ; 0                                           ;
+---------------------------------+---------------------------------------------+


+---------------------------------------------------------------------------------------------------------------------------+
; Analysis & Synthesis Settings                                                                                             ;
+---------------------------------------------------------------------------------+--------------------+--------------------+
; Option                                                                          ; Setting            ; Default Value      ;
+---------------------------------------------------------------------------------+--------------------+--------------------+
; Device                                                                          ; 5CGXFC7C7F23C8     ;                    ;
; Top-level entity name                                                           ; DATAPATH_MIPS      ; MIPS               ;
; Family name                                                                     ; Cyclone V          ; Cyclone V          ;
; Use smart compilation                                                           ; Off                ; Off                ;
; Enable parallel Assembler and Timing Analyzer during compilation                ; On                 ; On                 ;
; Enable compact report table                                                     ; Off                ; Off                ;
; Restructure Multiplexers                                                        ; Auto               ; Auto               ;
; MLAB Add Timing Constraints For Mixed-Port Feed-Through Mode Setting Don't Care ; Off                ; Off                ;
; Create Debugging Nodes for IP Cores                                             ; Off                ; Off                ;
; Preserve fewer node names                                                       ; On                 ; On                 ;
; Intel FPGA IP Evaluation Mode                                                   ; Enable             ; Enable             ;
; Verilog Version                                                                 ; Verilog_2001       ; Verilog_2001       ;
; VHDL Version                                                                    ; VHDL_1993          ; VHDL_1993          ;
; State Machine Processing                                                        ; Auto               ; Auto               ;
; Safe State Machine                                                              ; Off                ; Off                ;
; Extract Verilog State Machines                                                  ; On                 ; On                 ;
; Extract VHDL State Machines                                                     ; On                 ; On                 ;
; Ignore Verilog initial constructs                                               ; Off                ; Off                ;
; Iteration limit for constant Verilog loops                                      ; 5000               ; 5000               ;
; Iteration limit for non-constant Verilog loops                                  ; 250                ; 250                ;
; Add Pass-Through Logic to Inferred RAMs                                         ; On                 ; On                 ;
; Infer RAMs from Raw Logic                                                       ; On                 ; On                 ;
; Parallel Synthesis                                                              ; On                 ; On                 ;
; DSP Block Balancing                                                             ; Auto               ; Auto               ;
; NOT Gate Push-Back                                                              ; On                 ; On                 ;
; Power-Up Don't Care                                                             ; On                 ; On                 ;
; Remove Redundant Logic Cells                                                    ; Off                ; Off                ;
; Remove Duplicate Registers                                                      ; On                 ; On                 ;
; Ignore CARRY Buffers                                                            ; Off                ; Off                ;
; Ignore CASCADE Buffers                                                          ; Off                ; Off                ;
; Ignore GLOBAL Buffers                                                           ; Off                ; Off                ;
; Ignore ROW GLOBAL Buffers                                                       ; Off                ; Off                ;
; Ignore LCELL Buffers                                                            ; Off                ; Off                ;
; Ignore SOFT Buffers                                                             ; On                 ; On                 ;
; Limit AHDL Integers to 32 Bits                                                  ; Off                ; Off                ;
; Optimization Technique                                                          ; Balanced           ; Balanced           ;
; Carry Chain Length                                                              ; 70                 ; 70                 ;
; Auto Carry Chains                                                               ; On                 ; On                 ;
; Auto Open-Drain Pins                                                            ; On                 ; On                 ;
; Perform WYSIWYG Primitive Resynthesis                                           ; Off                ; Off                ;
; Auto ROM Replacement                                                            ; On                 ; On                 ;
; Auto RAM Replacement                                                            ; On                 ; On                 ;
; Auto DSP Block Replacement                                                      ; On                 ; On                 ;
; Auto Shift Register Replacement                                                 ; Auto               ; Auto               ;
; Allow Shift Register Merging across Hierarchies                                 ; Auto               ; Auto               ;
; Auto Clock Enable Replacement                                                   ; On                 ; On                 ;
; Strict RAM Replacement                                                          ; Off                ; Off                ;
; Allow Synchronous Control Signals                                               ; On                 ; On                 ;
; Force Use of Synchronous Clear Signals                                          ; Off                ; Off                ;
; Auto Resource Sharing                                                           ; Off                ; Off                ;
; Allow Any RAM Size For Recognition                                              ; Off                ; Off                ;
; Allow Any ROM Size For Recognition                                              ; Off                ; Off                ;
; Allow Any Shift Register Size For Recognition                                   ; Off                ; Off                ;
; Use LogicLock Constraints during Resource Balancing                             ; On                 ; On                 ;
; Ignore translate_off and synthesis_off directives                               ; Off                ; Off                ;
; Timing-Driven Synthesis                                                         ; On                 ; On                 ;
; Report Parameter Settings                                                       ; On                 ; On                 ;
; Report Source Assignments                                                       ; On                 ; On                 ;
; Report Connectivity Checks                                                      ; On                 ; On                 ;
; Ignore Maximum Fan-Out Assignments                                              ; Off                ; Off                ;
; Synchronization Register Chain Length                                           ; 3                  ; 3                  ;
; Power Optimization During Synthesis                                             ; Normal compilation ; Normal compilation ;
; HDL message level                                                               ; Level2             ; Level2             ;
; Suppress Register Optimization Related Messages                                 ; Off                ; Off                ;
; Number of Removed Registers Reported in Synthesis Report                        ; 5000               ; 5000               ;
; Number of Swept Nodes Reported in Synthesis Report                              ; 5000               ; 5000               ;
; Number of Inverted Registers Reported in Synthesis Report                       ; 100                ; 100                ;
; Clock MUX Protection                                                            ; On                 ; On                 ;
; Auto Gated Clock Conversion                                                     ; Off                ; Off                ;
; Block Design Naming                                                             ; Auto               ; Auto               ;
; SDC constraint protection                                                       ; Off                ; Off                ;
; Synthesis Effort                                                                ; Auto               ; Auto               ;
; Shift Register Replacement - Allow Asynchronous Clear Signal                    ; On                 ; On                 ;
; Pre-Mapping Resynthesis Optimization                                            ; Off                ; Off                ;
; Analysis & Synthesis Message Level                                              ; Medium             ; Medium             ;
; Disable Register Merging Across Hierarchies                                     ; Auto               ; Auto               ;
; Resource Aware Inference For Block RAM                                          ; On                 ; On                 ;
; Automatic Parallel Synthesis                                                    ; On                 ; On                 ;
; Partial Reconfiguration Bitstream ID                                            ; Off                ; Off                ;
+---------------------------------------------------------------------------------+--------------------+--------------------+


+------------------------------------------+
; Parallel Compilation                     ;
+----------------------------+-------------+
; Processors                 ; Number      ;
+----------------------------+-------------+
; Number detected on machine ; 8           ;
; Maximum allowed            ; 4           ;
;                            ;             ;
; Average used               ; 1.00        ;
; Maximum used               ; 1           ;
;                            ;             ;
; Usage by Processor         ; % Time Used ;
;     Processor 1            ; 100.0%      ;
+----------------------------+-------------+


+--------------------------------------------------------------------------------------------------------------------------------------------------------------------------------------------------------+
; Analysis & Synthesis Source Files Read                                                                                                                                                                 ;
+----------------------------------+-----------------+-----------------+-----------------------------------------------------------------------------------------------------------------------+---------+
; File Name with User-Entered Path ; Used in Netlist ; File Type       ; File Name with Absolute Path                                                                                          ; Library ;
+----------------------------------+-----------------+-----------------+-----------------------------------------------------------------------------------------------------------------------+---------+
; u_INSTRUCTION_MEMORY.vhd         ; yes             ; User VHDL File  ; C:/Users/leosh/OneDrive/햞ea de Trabalho/Trabalhos Faculdade/MIPS_ARQ/trabalho_mips/AV5 MIPS/u_INSTRUCTION_MEMORY.vhd ;         ;
; u_PC.vhd                         ; yes             ; User VHDL File  ; C:/Users/leosh/OneDrive/햞ea de Trabalho/Trabalhos Faculdade/MIPS_ARQ/trabalho_mips/AV5 MIPS/u_PC.vhd                 ;         ;
; BANK_REGISTER.vhd                ; yes             ; User VHDL File  ; C:/Users/leosh/OneDrive/햞ea de Trabalho/Trabalhos Faculdade/MIPS_ARQ/trabalho_mips/AV5 MIPS/BANK_REGISTER.vhd        ;         ;
; ULA_MIPS.vhd                     ; yes             ; User VHDL File  ; C:/Users/leosh/OneDrive/햞ea de Trabalho/Trabalhos Faculdade/MIPS_ARQ/trabalho_mips/AV5 MIPS/ULA_MIPS.vhd             ;         ;
; ULA_OP.vhd                       ; yes             ; User VHDL File  ; C:/Users/leosh/OneDrive/햞ea de Trabalho/Trabalhos Faculdade/MIPS_ARQ/trabalho_mips/AV5 MIPS/ULA_OP.vhd               ;         ;
; DATA_MEMORY.vhd                  ; yes             ; User VHDL File  ; C:/Users/leosh/OneDrive/햞ea de Trabalho/Trabalhos Faculdade/MIPS_ARQ/trabalho_mips/AV5 MIPS/DATA_MEMORY.vhd          ;         ;
; MUX_32.vhd                       ; yes             ; User VHDL File  ; C:/Users/leosh/OneDrive/햞ea de Trabalho/Trabalhos Faculdade/MIPS_ARQ/trabalho_mips/AV5 MIPS/MUX_32.vhd               ;         ;
; EXT_32.vhd                       ; yes             ; User VHDL File  ; C:/Users/leosh/OneDrive/햞ea de Trabalho/Trabalhos Faculdade/MIPS_ARQ/trabalho_mips/AV5 MIPS/EXT_32.vhd               ;         ;
; SHIFT_2_32.vhd                   ; yes             ; User VHDL File  ; C:/Users/leosh/OneDrive/햞ea de Trabalho/Trabalhos Faculdade/MIPS_ARQ/trabalho_mips/AV5 MIPS/SHIFT_2_32.vhd           ;         ;
; SHIFT_2_26_28.vhd                ; yes             ; User VHDL File  ; C:/Users/leosh/OneDrive/햞ea de Trabalho/Trabalhos Faculdade/MIPS_ARQ/trabalho_mips/AV5 MIPS/SHIFT_2_26_28.vhd        ;         ;
; CONC_28_32.vhd                   ; yes             ; User VHDL File  ; C:/Users/leosh/OneDrive/햞ea de Trabalho/Trabalhos Faculdade/MIPS_ARQ/trabalho_mips/AV5 MIPS/CONC_28_32.vhd           ;         ;
; DATAPATH_MIPS.vhd                ; yes             ; User VHDL File  ; C:/Users/leosh/OneDrive/햞ea de Trabalho/Trabalhos Faculdade/MIPS_ARQ/trabalho_mips/AV5 MIPS/DATAPATH_MIPS.vhd        ;         ;
+----------------------------------+-----------------+-----------------+-----------------------------------------------------------------------------------------------------------------------+---------+


+--------------------------------------------------------+
; Analysis & Synthesis Resource Usage Summary            ;
+---------------------------------------------+----------+
; Resource                                    ; Usage    ;
+---------------------------------------------+----------+
; Estimate of Logic utilization (ALMs needed) ; 0        ;
;                                             ;          ;
; Combinational ALUT usage for logic          ; 0        ;
;     -- 7 input functions                    ; 0        ;
;     -- 6 input functions                    ; 0        ;
;     -- 5 input functions                    ; 0        ;
;     -- 4 input functions                    ; 0        ;
;     -- <=3 input functions                  ; 0        ;
;                                             ;          ;
; Dedicated logic registers                   ; 0        ;
;                                             ;          ;
; I/O pins                                    ; 17       ;
;                                             ;          ;
; Total DSP Blocks                            ; 0        ;
;                                             ;          ;
; Maximum fan-out node                        ; i_RegDst ;
; Maximum fan-out                             ; 1        ;
; Total fan-out                               ; 17       ;
; Average fan-out                             ; 0.50     ;
+---------------------------------------------+----------+


+------------------------------------------------------------------------------------------------------------------------------------------------------------------------------------------+
; Analysis & Synthesis Resource Utilization by Entity                                                                                                                                      ;
+----------------------------+---------------------+---------------------------+-------------------+------------+------+--------------+---------------------+---------------+--------------+
; Compilation Hierarchy Node ; Combinational ALUTs ; Dedicated Logic Registers ; Block Memory Bits ; DSP Blocks ; Pins ; Virtual Pins ; Full Hierarchy Name ; Entity Name   ; Library Name ;
+----------------------------+---------------------+---------------------------+-------------------+------------+------+--------------+---------------------+---------------+--------------+
; |DATAPATH_MIPS             ; 0 (0)               ; 0 (0)                     ; 0                 ; 0          ; 17   ; 0            ; |DATAPATH_MIPS      ; DATAPATH_MIPS ; work         ;
+----------------------------+---------------------+---------------------------+-------------------+------------+------+--------------+---------------------+---------------+--------------+
Note: For table entries with two numbers listed, the numbers in parentheses indicate the number of resources of the given type used by the specific entity alone. The numbers listed outside of parentheses indicate the total resources of the given type used by the specific entity and all of its sub-entities in the hierarchy.


+---------------------------------------------------------------------------------------------------------------------------------------------+
; Registers Removed During Synthesis                                                                                                          ;
+------------------------------------------------------------------+--------------------------------------------------------------------------+
; Register name                                                    ; Reason for Removal                                                       ;
+------------------------------------------------------------------+--------------------------------------------------------------------------+
; u_INSTRUCTION_MEMORY:u_INSTRUCTION_MEMORY1|o_INSTRUCTION[0..24]  ; Merged with u_INSTRUCTION_MEMORY:u_INSTRUCTION_MEMORY1|o_INSTRUCTION[25] ;
; BANK_REGISTER:u_BANK_REGISTER|w_BANK_REG[1][31]                  ; Lost fanout                                                              ;
; BANK_REGISTER:u_BANK_REGISTER|w_BANK_REG[2][31]                  ; Lost fanout                                                              ;
; BANK_REGISTER:u_BANK_REGISTER|w_BANK_REG[3][31]                  ; Lost fanout                                                              ;
; BANK_REGISTER:u_BANK_REGISTER|w_BANK_REG[4][31]                  ; Lost fanout                                                              ;
; BANK_REGISTER:u_BANK_REGISTER|w_BANK_REG[5][31]                  ; Lost fanout                                                              ;
; BANK_REGISTER:u_BANK_REGISTER|w_BANK_REG[6][31]                  ; Lost fanout                                                              ;
; BANK_REGISTER:u_BANK_REGISTER|w_BANK_REG[1][30]                  ; Lost fanout                                                              ;
; BANK_REGISTER:u_BANK_REGISTER|w_BANK_REG[2][30]                  ; Lost fanout                                                              ;
; BANK_REGISTER:u_BANK_REGISTER|w_BANK_REG[3][30]                  ; Lost fanout                                                              ;
; BANK_REGISTER:u_BANK_REGISTER|w_BANK_REG[4][30]                  ; Lost fanout                                                              ;
; BANK_REGISTER:u_BANK_REGISTER|w_BANK_REG[5][30]                  ; Lost fanout                                                              ;
; BANK_REGISTER:u_BANK_REGISTER|w_BANK_REG[6][30]                  ; Lost fanout                                                              ;
; BANK_REGISTER:u_BANK_REGISTER|w_BANK_REG[1][29]                  ; Lost fanout                                                              ;
; BANK_REGISTER:u_BANK_REGISTER|w_BANK_REG[2][29]                  ; Lost fanout                                                              ;
; BANK_REGISTER:u_BANK_REGISTER|w_BANK_REG[3][29]                  ; Lost fanout                                                              ;
; BANK_REGISTER:u_BANK_REGISTER|w_BANK_REG[4][29]                  ; Lost fanout                                                              ;
; BANK_REGISTER:u_BANK_REGISTER|w_BANK_REG[5][29]                  ; Lost fanout                                                              ;
; BANK_REGISTER:u_BANK_REGISTER|w_BANK_REG[6][29]                  ; Lost fanout                                                              ;
; BANK_REGISTER:u_BANK_REGISTER|w_BANK_REG[1][28]                  ; Lost fanout                                                              ;
; BANK_REGISTER:u_BANK_REGISTER|w_BANK_REG[2][28]                  ; Lost fanout                                                              ;
; BANK_REGISTER:u_BANK_REGISTER|w_BANK_REG[3][28]                  ; Lost fanout                                                              ;
; BANK_REGISTER:u_BANK_REGISTER|w_BANK_REG[4][28]                  ; Lost fanout                                                              ;
; BANK_REGISTER:u_BANK_REGISTER|w_BANK_REG[5][28]                  ; Lost fanout                                                              ;
; BANK_REGISTER:u_BANK_REGISTER|w_BANK_REG[6][28]                  ; Lost fanout                                                              ;
; BANK_REGISTER:u_BANK_REGISTER|w_BANK_REG[1][27]                  ; Lost fanout                                                              ;
; BANK_REGISTER:u_BANK_REGISTER|w_BANK_REG[2][27]                  ; Lost fanout                                                              ;
; BANK_REGISTER:u_BANK_REGISTER|w_BANK_REG[3][27]                  ; Lost fanout                                                              ;
; BANK_REGISTER:u_BANK_REGISTER|w_BANK_REG[4][27]                  ; Lost fanout                                                              ;
; BANK_REGISTER:u_BANK_REGISTER|w_BANK_REG[5][27]                  ; Lost fanout                                                              ;
; BANK_REGISTER:u_BANK_REGISTER|w_BANK_REG[6][27]                  ; Lost fanout                                                              ;
; BANK_REGISTER:u_BANK_REGISTER|w_BANK_REG[1][26]                  ; Lost fanout                                                              ;
; BANK_REGISTER:u_BANK_REGISTER|w_BANK_REG[2][26]                  ; Lost fanout                                                              ;
; BANK_REGISTER:u_BANK_REGISTER|w_BANK_REG[3][26]                  ; Lost fanout                                                              ;
; BANK_REGISTER:u_BANK_REGISTER|w_BANK_REG[4][26]                  ; Lost fanout                                                              ;
; BANK_REGISTER:u_BANK_REGISTER|w_BANK_REG[5][26]                  ; Lost fanout                                                              ;
; BANK_REGISTER:u_BANK_REGISTER|w_BANK_REG[6][26]                  ; Lost fanout                                                              ;
; BANK_REGISTER:u_BANK_REGISTER|w_BANK_REG[1][25]                  ; Lost fanout                                                              ;
; BANK_REGISTER:u_BANK_REGISTER|w_BANK_REG[2][25]                  ; Lost fanout                                                              ;
; BANK_REGISTER:u_BANK_REGISTER|w_BANK_REG[3][25]                  ; Lost fanout                                                              ;
; BANK_REGISTER:u_BANK_REGISTER|w_BANK_REG[4][25]                  ; Lost fanout                                                              ;
; BANK_REGISTER:u_BANK_REGISTER|w_BANK_REG[5][25]                  ; Lost fanout                                                              ;
; BANK_REGISTER:u_BANK_REGISTER|w_BANK_REG[6][25]                  ; Lost fanout                                                              ;
; BANK_REGISTER:u_BANK_REGISTER|w_BANK_REG[1][24]                  ; Lost fanout                                                              ;
; BANK_REGISTER:u_BANK_REGISTER|w_BANK_REG[2][24]                  ; Lost fanout                                                              ;
; BANK_REGISTER:u_BANK_REGISTER|w_BANK_REG[3][24]                  ; Lost fanout                                                              ;
; BANK_REGISTER:u_BANK_REGISTER|w_BANK_REG[4][24]                  ; Lost fanout                                                              ;
; BANK_REGISTER:u_BANK_REGISTER|w_BANK_REG[5][24]                  ; Lost fanout                                                              ;
; BANK_REGISTER:u_BANK_REGISTER|w_BANK_REG[6][24]                  ; Lost fanout                                                              ;
; BANK_REGISTER:u_BANK_REGISTER|w_BANK_REG[1][23]                  ; Lost fanout                                                              ;
; BANK_REGISTER:u_BANK_REGISTER|w_BANK_REG[2][23]                  ; Lost fanout                                                              ;
; BANK_REGISTER:u_BANK_REGISTER|w_BANK_REG[3][23]                  ; Lost fanout                                                              ;
; BANK_REGISTER:u_BANK_REGISTER|w_BANK_REG[4][23]                  ; Lost fanout                                                              ;
; BANK_REGISTER:u_BANK_REGISTER|w_BANK_REG[5][23]                  ; Lost fanout                                                              ;
; BANK_REGISTER:u_BANK_REGISTER|w_BANK_REG[6][23]                  ; Lost fanout                                                              ;
; BANK_REGISTER:u_BANK_REGISTER|w_BANK_REG[1][22]                  ; Lost fanout                                                              ;
; BANK_REGISTER:u_BANK_REGISTER|w_BANK_REG[2][22]                  ; Lost fanout                                                              ;
; BANK_REGISTER:u_BANK_REGISTER|w_BANK_REG[3][22]                  ; Lost fanout                                                              ;
; BANK_REGISTER:u_BANK_REGISTER|w_BANK_REG[4][22]                  ; Lost fanout                                                              ;
; BANK_REGISTER:u_BANK_REGISTER|w_BANK_REG[5][22]                  ; Lost fanout                                                              ;
; BANK_REGISTER:u_BANK_REGISTER|w_BANK_REG[6][22]                  ; Lost fanout                                                              ;
; BANK_REGISTER:u_BANK_REGISTER|w_BANK_REG[1][21]                  ; Lost fanout                                                              ;
; BANK_REGISTER:u_BANK_REGISTER|w_BANK_REG[2][21]                  ; Lost fanout                                                              ;
; BANK_REGISTER:u_BANK_REGISTER|w_BANK_REG[3][21]                  ; Lost fanout                                                              ;
; BANK_REGISTER:u_BANK_REGISTER|w_BANK_REG[4][21]                  ; Lost fanout                                                              ;
; BANK_REGISTER:u_BANK_REGISTER|w_BANK_REG[5][21]                  ; Lost fanout                                                              ;
; BANK_REGISTER:u_BANK_REGISTER|w_BANK_REG[6][21]                  ; Lost fanout                                                              ;
; BANK_REGISTER:u_BANK_REGISTER|w_BANK_REG[1][20]                  ; Lost fanout                                                              ;
; BANK_REGISTER:u_BANK_REGISTER|w_BANK_REG[2][20]                  ; Lost fanout                                                              ;
; BANK_REGISTER:u_BANK_REGISTER|w_BANK_REG[3][20]                  ; Lost fanout                                                              ;
; BANK_REGISTER:u_BANK_REGISTER|w_BANK_REG[4][20]                  ; Lost fanout                                                              ;
; BANK_REGISTER:u_BANK_REGISTER|w_BANK_REG[5][20]                  ; Lost fanout                                                              ;
; BANK_REGISTER:u_BANK_REGISTER|w_BANK_REG[6][20]                  ; Lost fanout                                                              ;
; BANK_REGISTER:u_BANK_REGISTER|w_BANK_REG[1][19]                  ; Lost fanout                                                              ;
; BANK_REGISTER:u_BANK_REGISTER|w_BANK_REG[2][19]                  ; Lost fanout                                                              ;
; BANK_REGISTER:u_BANK_REGISTER|w_BANK_REG[3][19]                  ; Lost fanout                                                              ;
; BANK_REGISTER:u_BANK_REGISTER|w_BANK_REG[4][19]                  ; Lost fanout                                                              ;
; BANK_REGISTER:u_BANK_REGISTER|w_BANK_REG[5][19]                  ; Lost fanout                                                              ;
; BANK_REGISTER:u_BANK_REGISTER|w_BANK_REG[6][19]                  ; Lost fanout                                                              ;
; BANK_REGISTER:u_BANK_REGISTER|w_BANK_REG[1][18]                  ; Lost fanout                                                              ;
; BANK_REGISTER:u_BANK_REGISTER|w_BANK_REG[2][18]                  ; Lost fanout                                                              ;
; BANK_REGISTER:u_BANK_REGISTER|w_BANK_REG[3][18]                  ; Lost fanout                                                              ;
; BANK_REGISTER:u_BANK_REGISTER|w_BANK_REG[4][18]                  ; Lost fanout                                                              ;
; BANK_REGISTER:u_BANK_REGISTER|w_BANK_REG[5][18]                  ; Lost fanout                                                              ;
; BANK_REGISTER:u_BANK_REGISTER|w_BANK_REG[6][18]                  ; Lost fanout                                                              ;
; BANK_REGISTER:u_BANK_REGISTER|w_BANK_REG[1][17]                  ; Lost fanout                                                              ;
; BANK_REGISTER:u_BANK_REGISTER|w_BANK_REG[2][17]                  ; Lost fanout                                                              ;
; BANK_REGISTER:u_BANK_REGISTER|w_BANK_REG[3][17]                  ; Lost fanout                                                              ;
; BANK_REGISTER:u_BANK_REGISTER|w_BANK_REG[4][17]                  ; Lost fanout                                                              ;
; BANK_REGISTER:u_BANK_REGISTER|w_BANK_REG[5][17]                  ; Lost fanout                                                              ;
; BANK_REGISTER:u_BANK_REGISTER|w_BANK_REG[6][17]                  ; Lost fanout                                                              ;
; BANK_REGISTER:u_BANK_REGISTER|w_BANK_REG[1][16]                  ; Lost fanout                                                              ;
; BANK_REGISTER:u_BANK_REGISTER|w_BANK_REG[2][16]                  ; Lost fanout                                                              ;
; BANK_REGISTER:u_BANK_REGISTER|w_BANK_REG[3][16]                  ; Lost fanout                                                              ;
; BANK_REGISTER:u_BANK_REGISTER|w_BANK_REG[4][16]                  ; Lost fanout                                                              ;
; BANK_REGISTER:u_BANK_REGISTER|w_BANK_REG[5][16]                  ; Lost fanout                                                              ;
; BANK_REGISTER:u_BANK_REGISTER|w_BANK_REG[6][16]                  ; Lost fanout                                                              ;
; BANK_REGISTER:u_BANK_REGISTER|w_BANK_REG[1][15]                  ; Lost fanout                                                              ;
; BANK_REGISTER:u_BANK_REGISTER|w_BANK_REG[2][15]                  ; Lost fanout                                                              ;
; BANK_REGISTER:u_BANK_REGISTER|w_BANK_REG[3][15]                  ; Lost fanout                                                              ;
; BANK_REGISTER:u_BANK_REGISTER|w_BANK_REG[4][15]                  ; Lost fanout                                                              ;
; BANK_REGISTER:u_BANK_REGISTER|w_BANK_REG[5][15]                  ; Lost fanout                                                              ;
; BANK_REGISTER:u_BANK_REGISTER|w_BANK_REG[6][15]                  ; Lost fanout                                                              ;
; BANK_REGISTER:u_BANK_REGISTER|w_BANK_REG[1][14]                  ; Lost fanout                                                              ;
; BANK_REGISTER:u_BANK_REGISTER|w_BANK_REG[2][14]                  ; Lost fanout                                                              ;
; BANK_REGISTER:u_BANK_REGISTER|w_BANK_REG[3][14]                  ; Lost fanout                                                              ;
; BANK_REGISTER:u_BANK_REGISTER|w_BANK_REG[4][14]                  ; Lost fanout                                                              ;
; BANK_REGISTER:u_BANK_REGISTER|w_BANK_REG[5][14]                  ; Lost fanout                                                              ;
; BANK_REGISTER:u_BANK_REGISTER|w_BANK_REG[6][14]                  ; Lost fanout                                                              ;
; BANK_REGISTER:u_BANK_REGISTER|w_BANK_REG[1][13]                  ; Lost fanout                                                              ;
; BANK_REGISTER:u_BANK_REGISTER|w_BANK_REG[2][13]                  ; Lost fanout                                                              ;
; BANK_REGISTER:u_BANK_REGISTER|w_BANK_REG[3][13]                  ; Lost fanout                                                              ;
; BANK_REGISTER:u_BANK_REGISTER|w_BANK_REG[4][13]                  ; Lost fanout                                                              ;
; BANK_REGISTER:u_BANK_REGISTER|w_BANK_REG[5][13]                  ; Lost fanout                                                              ;
; BANK_REGISTER:u_BANK_REGISTER|w_BANK_REG[6][13]                  ; Lost fanout                                                              ;
; BANK_REGISTER:u_BANK_REGISTER|w_BANK_REG[1][12]                  ; Lost fanout                                                              ;
; BANK_REGISTER:u_BANK_REGISTER|w_BANK_REG[2][12]                  ; Lost fanout                                                              ;
; BANK_REGISTER:u_BANK_REGISTER|w_BANK_REG[3][12]                  ; Lost fanout                                                              ;
; BANK_REGISTER:u_BANK_REGISTER|w_BANK_REG[4][12]                  ; Lost fanout                                                              ;
; BANK_REGISTER:u_BANK_REGISTER|w_BANK_REG[5][12]                  ; Lost fanout                                                              ;
; BANK_REGISTER:u_BANK_REGISTER|w_BANK_REG[6][12]                  ; Lost fanout                                                              ;
; BANK_REGISTER:u_BANK_REGISTER|w_BANK_REG[1][11]                  ; Lost fanout                                                              ;
; BANK_REGISTER:u_BANK_REGISTER|w_BANK_REG[2][11]                  ; Lost fanout                                                              ;
; BANK_REGISTER:u_BANK_REGISTER|w_BANK_REG[3][11]                  ; Lost fanout                                                              ;
; BANK_REGISTER:u_BANK_REGISTER|w_BANK_REG[4][11]                  ; Lost fanout                                                              ;
; BANK_REGISTER:u_BANK_REGISTER|w_BANK_REG[5][11]                  ; Lost fanout                                                              ;
; BANK_REGISTER:u_BANK_REGISTER|w_BANK_REG[6][11]                  ; Lost fanout                                                              ;
; BANK_REGISTER:u_BANK_REGISTER|w_BANK_REG[1][10]                  ; Lost fanout                                                              ;
; BANK_REGISTER:u_BANK_REGISTER|w_BANK_REG[2][10]                  ; Lost fanout                                                              ;
; BANK_REGISTER:u_BANK_REGISTER|w_BANK_REG[3][10]                  ; Lost fanout                                                              ;
; BANK_REGISTER:u_BANK_REGISTER|w_BANK_REG[4][10]                  ; Lost fanout                                                              ;
; BANK_REGISTER:u_BANK_REGISTER|w_BANK_REG[5][10]                  ; Lost fanout                                                              ;
; BANK_REGISTER:u_BANK_REGISTER|w_BANK_REG[6][10]                  ; Lost fanout                                                              ;
; BANK_REGISTER:u_BANK_REGISTER|w_BANK_REG[1][9]                   ; Lost fanout                                                              ;
; BANK_REGISTER:u_BANK_REGISTER|w_BANK_REG[2][9]                   ; Lost fanout                                                              ;
; BANK_REGISTER:u_BANK_REGISTER|w_BANK_REG[3][9]                   ; Lost fanout                                                              ;
; BANK_REGISTER:u_BANK_REGISTER|w_BANK_REG[4][9]                   ; Lost fanout                                                              ;
; BANK_REGISTER:u_BANK_REGISTER|w_BANK_REG[5][9]                   ; Lost fanout                                                              ;
; BANK_REGISTER:u_BANK_REGISTER|w_BANK_REG[6][9]                   ; Lost fanout                                                              ;
; BANK_REGISTER:u_BANK_REGISTER|w_BANK_REG[1][8]                   ; Lost fanout                                                              ;
; BANK_REGISTER:u_BANK_REGISTER|w_BANK_REG[2][8]                   ; Lost fanout                                                              ;
; BANK_REGISTER:u_BANK_REGISTER|w_BANK_REG[3][8]                   ; Lost fanout                                                              ;
; BANK_REGISTER:u_BANK_REGISTER|w_BANK_REG[4][8]                   ; Lost fanout                                                              ;
; BANK_REGISTER:u_BANK_REGISTER|w_BANK_REG[5][8]                   ; Lost fanout                                                              ;
; BANK_REGISTER:u_BANK_REGISTER|w_BANK_REG[6][8]                   ; Lost fanout                                                              ;
; BANK_REGISTER:u_BANK_REGISTER|w_BANK_REG[1][7]                   ; Lost fanout                                                              ;
; BANK_REGISTER:u_BANK_REGISTER|w_BANK_REG[2][7]                   ; Lost fanout                                                              ;
; BANK_REGISTER:u_BANK_REGISTER|w_BANK_REG[3][7]                   ; Lost fanout                                                              ;
; BANK_REGISTER:u_BANK_REGISTER|w_BANK_REG[4][7]                   ; Lost fanout                                                              ;
; BANK_REGISTER:u_BANK_REGISTER|w_BANK_REG[5][7]                   ; Lost fanout                                                              ;
; BANK_REGISTER:u_BANK_REGISTER|w_BANK_REG[6][7]                   ; Lost fanout                                                              ;
; BANK_REGISTER:u_BANK_REGISTER|w_BANK_REG[1][6]                   ; Lost fanout                                                              ;
; BANK_REGISTER:u_BANK_REGISTER|w_BANK_REG[2][6]                   ; Lost fanout                                                              ;
; BANK_REGISTER:u_BANK_REGISTER|w_BANK_REG[3][6]                   ; Lost fanout                                                              ;
; BANK_REGISTER:u_BANK_REGISTER|w_BANK_REG[4][6]                   ; Lost fanout                                                              ;
; BANK_REGISTER:u_BANK_REGISTER|w_BANK_REG[5][6]                   ; Lost fanout                                                              ;
; BANK_REGISTER:u_BANK_REGISTER|w_BANK_REG[6][6]                   ; Lost fanout                                                              ;
; BANK_REGISTER:u_BANK_REGISTER|w_BANK_REG[1][5]                   ; Lost fanout                                                              ;
; BANK_REGISTER:u_BANK_REGISTER|w_BANK_REG[2][5]                   ; Lost fanout                                                              ;
; BANK_REGISTER:u_BANK_REGISTER|w_BANK_REG[3][5]                   ; Lost fanout                                                              ;
; BANK_REGISTER:u_BANK_REGISTER|w_BANK_REG[4][5]                   ; Lost fanout                                                              ;
; BANK_REGISTER:u_BANK_REGISTER|w_BANK_REG[5][5]                   ; Lost fanout                                                              ;
; BANK_REGISTER:u_BANK_REGISTER|w_BANK_REG[6][5]                   ; Lost fanout                                                              ;
; BANK_REGISTER:u_BANK_REGISTER|w_BANK_REG[1][4]                   ; Lost fanout                                                              ;
; BANK_REGISTER:u_BANK_REGISTER|w_BANK_REG[2][4]                   ; Lost fanout                                                              ;
; BANK_REGISTER:u_BANK_REGISTER|w_BANK_REG[3][4]                   ; Lost fanout                                                              ;
; BANK_REGISTER:u_BANK_REGISTER|w_BANK_REG[4][4]                   ; Lost fanout                                                              ;
; BANK_REGISTER:u_BANK_REGISTER|w_BANK_REG[5][4]                   ; Lost fanout                                                              ;
; BANK_REGISTER:u_BANK_REGISTER|w_BANK_REG[6][4]                   ; Lost fanout                                                              ;
; BANK_REGISTER:u_BANK_REGISTER|w_BANK_REG[1][3]                   ; Lost fanout                                                              ;
; BANK_REGISTER:u_BANK_REGISTER|w_BANK_REG[2][3]                   ; Lost fanout                                                              ;
; BANK_REGISTER:u_BANK_REGISTER|w_BANK_REG[3][3]                   ; Lost fanout                                                              ;
; BANK_REGISTER:u_BANK_REGISTER|w_BANK_REG[4][3]                   ; Lost fanout                                                              ;
; BANK_REGISTER:u_BANK_REGISTER|w_BANK_REG[5][3]                   ; Lost fanout                                                              ;
; BANK_REGISTER:u_BANK_REGISTER|w_BANK_REG[6][3]                   ; Lost fanout                                                              ;
; BANK_REGISTER:u_BANK_REGISTER|w_BANK_REG[1][2]                   ; Lost fanout                                                              ;
; BANK_REGISTER:u_BANK_REGISTER|w_BANK_REG[2][2]                   ; Lost fanout                                                              ;
; BANK_REGISTER:u_BANK_REGISTER|w_BANK_REG[3][2]                   ; Lost fanout                                                              ;
; BANK_REGISTER:u_BANK_REGISTER|w_BANK_REG[4][2]                   ; Lost fanout                                                              ;
; BANK_REGISTER:u_BANK_REGISTER|w_BANK_REG[5][2]                   ; Lost fanout                                                              ;
; BANK_REGISTER:u_BANK_REGISTER|w_BANK_REG[6][2]                   ; Lost fanout                                                              ;
; BANK_REGISTER:u_BANK_REGISTER|w_BANK_REG[1][1]                   ; Lost fanout                                                              ;
; BANK_REGISTER:u_BANK_REGISTER|w_BANK_REG[2][1]                   ; Lost fanout                                                              ;
; BANK_REGISTER:u_BANK_REGISTER|w_BANK_REG[3][1]                   ; Lost fanout                                                              ;
; BANK_REGISTER:u_BANK_REGISTER|w_BANK_REG[4][1]                   ; Lost fanout                                                              ;
; BANK_REGISTER:u_BANK_REGISTER|w_BANK_REG[5][1]                   ; Lost fanout                                                              ;
; BANK_REGISTER:u_BANK_REGISTER|w_BANK_REG[6][1]                   ; Lost fanout                                                              ;
; BANK_REGISTER:u_BANK_REGISTER|w_BANK_REG[1][0]                   ; Lost fanout                                                              ;
; BANK_REGISTER:u_BANK_REGISTER|w_BANK_REG[2][0]                   ; Lost fanout                                                              ;
; BANK_REGISTER:u_BANK_REGISTER|w_BANK_REG[3][0]                   ; Lost fanout                                                              ;
; BANK_REGISTER:u_BANK_REGISTER|w_BANK_REG[4][0]                   ; Lost fanout                                                              ;
; BANK_REGISTER:u_BANK_REGISTER|w_BANK_REG[5][0]                   ; Lost fanout                                                              ;
; BANK_REGISTER:u_BANK_REGISTER|w_BANK_REG[6][0]                   ; Lost fanout                                                              ;
; u_INSTRUCTION_MEMORY:u_INSTRUCTION_MEMORY1|o_INSTRUCTION[25..31] ; Stuck at GND due to stuck port data_in                                   ;
; BANK_REGISTER:u_BANK_REGISTER|w_BANK_REG[7][0]                   ; Lost fanout                                                              ;
; BANK_REGISTER:u_BANK_REGISTER|w_BANK_REG[7][1]                   ; Lost fanout                                                              ;
; BANK_REGISTER:u_BANK_REGISTER|w_BANK_REG[7][2]                   ; Lost fanout                                                              ;
; BANK_REGISTER:u_BANK_REGISTER|w_BANK_REG[7][3]                   ; Lost fanout                                                              ;
; BANK_REGISTER:u_BANK_REGISTER|w_BANK_REG[7][4]                   ; Lost fanout                                                              ;
; BANK_REGISTER:u_BANK_REGISTER|w_BANK_REG[7][5]                   ; Lost fanout                                                              ;
; BANK_REGISTER:u_BANK_REGISTER|w_BANK_REG[7][6]                   ; Lost fanout                                                              ;
; BANK_REGISTER:u_BANK_REGISTER|w_BANK_REG[7][7]                   ; Lost fanout                                                              ;
; BANK_REGISTER:u_BANK_REGISTER|w_BANK_REG[7][8]                   ; Lost fanout                                                              ;
; BANK_REGISTER:u_BANK_REGISTER|w_BANK_REG[7][9]                   ; Lost fanout                                                              ;
; BANK_REGISTER:u_BANK_REGISTER|w_BANK_REG[7][10]                  ; Lost fanout                                                              ;
; BANK_REGISTER:u_BANK_REGISTER|w_BANK_REG[7][11]                  ; Lost fanout                                                              ;
; BANK_REGISTER:u_BANK_REGISTER|w_BANK_REG[7][12]                  ; Lost fanout                                                              ;
; BANK_REGISTER:u_BANK_REGISTER|w_BANK_REG[7][13]                  ; Lost fanout                                                              ;
; BANK_REGISTER:u_BANK_REGISTER|w_BANK_REG[7][14]                  ; Lost fanout                                                              ;
; BANK_REGISTER:u_BANK_REGISTER|w_BANK_REG[7][15]                  ; Lost fanout                                                              ;
; BANK_REGISTER:u_BANK_REGISTER|w_BANK_REG[7][16]                  ; Lost fanout                                                              ;
; BANK_REGISTER:u_BANK_REGISTER|w_BANK_REG[7][17]                  ; Lost fanout                                                              ;
; BANK_REGISTER:u_BANK_REGISTER|w_BANK_REG[7][18]                  ; Lost fanout                                                              ;
; BANK_REGISTER:u_BANK_REGISTER|w_BANK_REG[7][19]                  ; Lost fanout                                                              ;
; BANK_REGISTER:u_BANK_REGISTER|w_BANK_REG[7][20]                  ; Lost fanout                                                              ;
; BANK_REGISTER:u_BANK_REGISTER|w_BANK_REG[7][21]                  ; Lost fanout                                                              ;
; BANK_REGISTER:u_BANK_REGISTER|w_BANK_REG[7][22]                  ; Lost fanout                                                              ;
; BANK_REGISTER:u_BANK_REGISTER|w_BANK_REG[7][23]                  ; Lost fanout                                                              ;
; BANK_REGISTER:u_BANK_REGISTER|w_BANK_REG[7][24]                  ; Lost fanout                                                              ;
; BANK_REGISTER:u_BANK_REGISTER|w_BANK_REG[7][25]                  ; Lost fanout                                                              ;
; BANK_REGISTER:u_BANK_REGISTER|w_BANK_REG[7][26]                  ; Lost fanout                                                              ;
; BANK_REGISTER:u_BANK_REGISTER|w_BANK_REG[7][27]                  ; Lost fanout                                                              ;
; BANK_REGISTER:u_BANK_REGISTER|w_BANK_REG[7][28]                  ; Lost fanout                                                              ;
; BANK_REGISTER:u_BANK_REGISTER|w_BANK_REG[7][29]                  ; Lost fanout                                                              ;
; BANK_REGISTER:u_BANK_REGISTER|w_BANK_REG[7][30]                  ; Lost fanout                                                              ;
; BANK_REGISTER:u_BANK_REGISTER|w_BANK_REG[7][31]                  ; Lost fanout                                                              ;
; u_PC:u_PC1|w_PC[2..31]                                           ; Lost fanout                                                              ;
; BANK_REGISTER:u_BANK_REGISTER|w_BANK_REG[0][0]                   ; Lost fanout                                                              ;
; BANK_REGISTER:u_BANK_REGISTER|w_BANK_REG[0][1]                   ; Lost fanout                                                              ;
; BANK_REGISTER:u_BANK_REGISTER|w_BANK_REG[0][2]                   ; Lost fanout                                                              ;
; BANK_REGISTER:u_BANK_REGISTER|w_BANK_REG[0][3]                   ; Lost fanout                                                              ;
; BANK_REGISTER:u_BANK_REGISTER|w_BANK_REG[0][4]                   ; Lost fanout                                                              ;
; BANK_REGISTER:u_BANK_REGISTER|w_BANK_REG[0][5]                   ; Lost fanout                                                              ;
; BANK_REGISTER:u_BANK_REGISTER|w_BANK_REG[0][6]                   ; Lost fanout                                                              ;
; BANK_REGISTER:u_BANK_REGISTER|w_BANK_REG[0][7]                   ; Lost fanout                                                              ;
; BANK_REGISTER:u_BANK_REGISTER|w_BANK_REG[0][8]                   ; Lost fanout                                                              ;
; BANK_REGISTER:u_BANK_REGISTER|w_BANK_REG[0][9]                   ; Lost fanout                                                              ;
; BANK_REGISTER:u_BANK_REGISTER|w_BANK_REG[0][10]                  ; Lost fanout                                                              ;
; BANK_REGISTER:u_BANK_REGISTER|w_BANK_REG[0][11]                  ; Lost fanout                                                              ;
; BANK_REGISTER:u_BANK_REGISTER|w_BANK_REG[0][12]                  ; Lost fanout                                                              ;
; BANK_REGISTER:u_BANK_REGISTER|w_BANK_REG[0][13]                  ; Lost fanout                                                              ;
; BANK_REGISTER:u_BANK_REGISTER|w_BANK_REG[0][14]                  ; Lost fanout                                                              ;
; BANK_REGISTER:u_BANK_REGISTER|w_BANK_REG[0][15]                  ; Lost fanout                                                              ;
; BANK_REGISTER:u_BANK_REGISTER|w_BANK_REG[0][16]                  ; Lost fanout                                                              ;
; BANK_REGISTER:u_BANK_REGISTER|w_BANK_REG[0][17]                  ; Lost fanout                                                              ;
; BANK_REGISTER:u_BANK_REGISTER|w_BANK_REG[0][18]                  ; Lost fanout                                                              ;
; BANK_REGISTER:u_BANK_REGISTER|w_BANK_REG[0][19]                  ; Lost fanout                                                              ;
; BANK_REGISTER:u_BANK_REGISTER|w_BANK_REG[0][20]                  ; Lost fanout                                                              ;
; BANK_REGISTER:u_BANK_REGISTER|w_BANK_REG[0][21]                  ; Lost fanout                                                              ;
; BANK_REGISTER:u_BANK_REGISTER|w_BANK_REG[0][22]                  ; Lost fanout                                                              ;
; BANK_REGISTER:u_BANK_REGISTER|w_BANK_REG[0][23]                  ; Lost fanout                                                              ;
; BANK_REGISTER:u_BANK_REGISTER|w_BANK_REG[0][24]                  ; Lost fanout                                                              ;
; BANK_REGISTER:u_BANK_REGISTER|w_BANK_REG[0][25]                  ; Lost fanout                                                              ;
; BANK_REGISTER:u_BANK_REGISTER|w_BANK_REG[0][26]                  ; Lost fanout                                                              ;
; BANK_REGISTER:u_BANK_REGISTER|w_BANK_REG[0][27]                  ; Lost fanout                                                              ;
; BANK_REGISTER:u_BANK_REGISTER|w_BANK_REG[0][28]                  ; Lost fanout                                                              ;
; BANK_REGISTER:u_BANK_REGISTER|w_BANK_REG[0][29]                  ; Lost fanout                                                              ;
; BANK_REGISTER:u_BANK_REGISTER|w_BANK_REG[0][30]                  ; Lost fanout                                                              ;
; BANK_REGISTER:u_BANK_REGISTER|w_BANK_REG[0][31]                  ; Lost fanout                                                              ;
; Total Number of Removed Registers = 318                          ;                                                                          ;
+------------------------------------------------------------------+--------------------------------------------------------------------------+


+---------------------------------------------------------------------------------------------------------------------------------------------+
; Removed Registers Triggering Further Register Optimizations                                                                                 ;
+--------------------------------------------------------------+---------------------------+--------------------------------------------------+
; Register name                                                ; Reason for Removal        ; Registers Removed due to This Register           ;
+--------------------------------------------------------------+---------------------------+--------------------------------------------------+
; u_INSTRUCTION_MEMORY:u_INSTRUCTION_MEMORY1|o_INSTRUCTION[25] ; Stuck at GND              ; BANK_REGISTER:u_BANK_REGISTER|w_BANK_REG[7][5],  ;
;                                                              ; due to stuck port data_in ; BANK_REGISTER:u_BANK_REGISTER|w_BANK_REG[7][6],  ;
;                                                              ;                           ; BANK_REGISTER:u_BANK_REGISTER|w_BANK_REG[7][7],  ;
;                                                              ;                           ; BANK_REGISTER:u_BANK_REGISTER|w_BANK_REG[7][8],  ;
;                                                              ;                           ; BANK_REGISTER:u_BANK_REGISTER|w_BANK_REG[7][9],  ;
;                                                              ;                           ; BANK_REGISTER:u_BANK_REGISTER|w_BANK_REG[7][10], ;
;                                                              ;                           ; BANK_REGISTER:u_BANK_REGISTER|w_BANK_REG[7][11], ;
;                                                              ;                           ; BANK_REGISTER:u_BANK_REGISTER|w_BANK_REG[7][12], ;
;                                                              ;                           ; BANK_REGISTER:u_BANK_REGISTER|w_BANK_REG[7][13], ;
;                                                              ;                           ; BANK_REGISTER:u_BANK_REGISTER|w_BANK_REG[7][14], ;
;                                                              ;                           ; BANK_REGISTER:u_BANK_REGISTER|w_BANK_REG[7][31], ;
;                                                              ;                           ; BANK_REGISTER:u_BANK_REGISTER|w_BANK_REG[0][6],  ;
;                                                              ;                           ; BANK_REGISTER:u_BANK_REGISTER|w_BANK_REG[0][7],  ;
;                                                              ;                           ; BANK_REGISTER:u_BANK_REGISTER|w_BANK_REG[0][8],  ;
;                                                              ;                           ; BANK_REGISTER:u_BANK_REGISTER|w_BANK_REG[0][9],  ;
;                                                              ;                           ; BANK_REGISTER:u_BANK_REGISTER|w_BANK_REG[0][10], ;
;                                                              ;                           ; BANK_REGISTER:u_BANK_REGISTER|w_BANK_REG[0][11], ;
;                                                              ;                           ; BANK_REGISTER:u_BANK_REGISTER|w_BANK_REG[0][12], ;
;                                                              ;                           ; BANK_REGISTER:u_BANK_REGISTER|w_BANK_REG[0][13], ;
;                                                              ;                           ; BANK_REGISTER:u_BANK_REGISTER|w_BANK_REG[0][14], ;
;                                                              ;                           ; BANK_REGISTER:u_BANK_REGISTER|w_BANK_REG[0][31]  ;
; BANK_REGISTER:u_BANK_REGISTER|w_BANK_REG[1][31]              ; Lost Fanouts              ; BANK_REGISTER:u_BANK_REGISTER|w_BANK_REG[7][0],  ;
;                                                              ;                           ; BANK_REGISTER:u_BANK_REGISTER|w_BANK_REG[7][1],  ;
;                                                              ;                           ; BANK_REGISTER:u_BANK_REGISTER|w_BANK_REG[7][2],  ;
;                                                              ;                           ; BANK_REGISTER:u_BANK_REGISTER|w_BANK_REG[7][3],  ;
;                                                              ;                           ; BANK_REGISTER:u_BANK_REGISTER|w_BANK_REG[7][4],  ;
;                                                              ;                           ; BANK_REGISTER:u_BANK_REGISTER|w_BANK_REG[0][0],  ;
;                                                              ;                           ; BANK_REGISTER:u_BANK_REGISTER|w_BANK_REG[0][1],  ;
;                                                              ;                           ; BANK_REGISTER:u_BANK_REGISTER|w_BANK_REG[0][2],  ;
;                                                              ;                           ; BANK_REGISTER:u_BANK_REGISTER|w_BANK_REG[0][3],  ;
;                                                              ;                           ; BANK_REGISTER:u_BANK_REGISTER|w_BANK_REG[0][4],  ;
;                                                              ;                           ; BANK_REGISTER:u_BANK_REGISTER|w_BANK_REG[0][5]   ;
+--------------------------------------------------------------+---------------------------+--------------------------------------------------+


+------------------------------------------------------+
; General Register Statistics                          ;
+----------------------------------------------+-------+
; Statistic                                    ; Value ;
+----------------------------------------------+-------+
; Total registers                              ; 0     ;
; Number of registers using Synchronous Clear  ; 0     ;
; Number of registers using Synchronous Load   ; 0     ;
; Number of registers using Asynchronous Clear ; 0     ;
; Number of registers using Asynchronous Load  ; 0     ;
; Number of registers using Clock Enable       ; 0     ;
; Number of registers using Preset             ; 0     ;
+----------------------------------------------+-------+


+-------------------------------------------------------------------------------+
; Parameter Settings for User Entity Instance: Top-level Entity: |DATAPATH_MIPS ;
+----------------+-------+------------------------------------------------------+
; Parameter Name ; Value ; Type                                                 ;
+----------------+-------+------------------------------------------------------+
; p_SIZE         ; 32    ; Signed Integer                                       ;
+----------------+-------+------------------------------------------------------+
Note: In order to hide this table in the UI and the text report file, please set the "Show Parameter Settings in Synthesis Report" option in "Analysis and Synthesis Settings -> More Settings" to "Off".


+---------------------------------------------------------+
; Parameter Settings for User Entity Instance: u_PC:u_PC1 ;
+----------------+-------+--------------------------------+
; Parameter Name ; Value ; Type                           ;
+----------------+-------+--------------------------------+
; p_size         ; 32    ; Signed Integer                 ;
+----------------+-------+--------------------------------+
Note: In order to hide this table in the UI and the text report file, please set the "Show Parameter Settings in Synthesis Report" option in "Analysis and Synthesis Settings -> More Settings" to "Off".


+-------------------------------------------------------------+
; Parameter Settings for User Entity Instance: MUX_32:u_MUX_5 ;
+----------------+-------+------------------------------------+
; Parameter Name ; Value ; Type                               ;
+----------------+-------+------------------------------------+
; p_size         ; 5     ; Signed Integer                     ;
+----------------+-------+------------------------------------+
Note: In order to hide this table in the UI and the text report file, please set the "Show Parameter Settings in Synthesis Report" option in "Analysis and Synthesis Settings -> More Settings" to "Off".


+------------------------------------------------------------------+
; Parameter Settings for User Entity Instance: MUX_32:u_MUX_32_ULA ;
+----------------+-------+-----------------------------------------+
; Parameter Name ; Value ; Type                                    ;
+----------------+-------+-----------------------------------------+
; p_SIZE         ; 32    ; Signed Integer                          ;
+----------------+-------+-----------------------------------------+
Note: In order to hide this table in the UI and the text report file, please set the "Show Parameter Settings in Synthesis Report" option in "Analysis and Synthesis Settings -> More Settings" to "Off".


+----------------------------------------------------------------+
; Parameter Settings for User Entity Instance: MUX_32:u_MUX_32_B ;
+----------------+-------+---------------------------------------+
; Parameter Name ; Value ; Type                                  ;
+----------------+-------+---------------------------------------+
; p_SIZE         ; 32    ; Signed Integer                        ;
+----------------+-------+---------------------------------------+
Note: In order to hide this table in the UI and the text report file, please set the "Show Parameter Settings in Synthesis Report" option in "Analysis and Synthesis Settings -> More Settings" to "Off".


+----------------------------------------------------------------+
; Parameter Settings for User Entity Instance: MUX_32:u_MUX_32_J ;
+----------------+-------+---------------------------------------+
; Parameter Name ; Value ; Type                                  ;
+----------------+-------+---------------------------------------+
; p_SIZE         ; 32    ; Signed Integer                        ;
+----------------+-------+---------------------------------------+
Note: In order to hide this table in the UI and the text report file, please set the "Show Parameter Settings in Synthesis Report" option in "Analysis and Synthesis Settings -> More Settings" to "Off".


+----------------------------------------------------------------+
; Parameter Settings for User Entity Instance: MUX_32:u_MUX_32_D ;
+----------------+-------+---------------------------------------+
; Parameter Name ; Value ; Type                                  ;
+----------------+-------+---------------------------------------+
; p_SIZE         ; 32    ; Signed Integer                        ;
+----------------+-------+---------------------------------------+
Note: In order to hide this table in the UI and the text report file, please set the "Show Parameter Settings in Synthesis Report" option in "Analysis and Synthesis Settings -> More Settings" to "Off".


+----------------------------------------------------------------------------+
; Parameter Settings for User Entity Instance: BANK_REGISTER:u_BANK_REGISTER ;
+----------------+-------+---------------------------------------------------+
; Parameter Name ; Value ; Type                                              ;
+----------------+-------+---------------------------------------------------+
; p_size         ; 32    ; Signed Integer                                    ;
; addr_size      ; 5     ; Signed Integer                                    ;
+----------------+-------+---------------------------------------------------+
Note: In order to hide this table in the UI and the text report file, please set the "Show Parameter Settings in Synthesis Report" option in "Analysis and Synthesis Settings -> More Settings" to "Off".


+------------------------------------------------------------------+
; Parameter Settings for User Entity Instance: ULA_MIPS:u_ULA_MIPS ;
+----------------+-------+-----------------------------------------+
; Parameter Name ; Value ; Type                                    ;
+----------------+-------+-----------------------------------------+
; p_SIZE         ; 32    ; Signed Integer                          ;
+----------------+-------+-----------------------------------------+
Note: In order to hide this table in the UI and the text report file, please set the "Show Parameter Settings in Synthesis Report" option in "Analysis and Synthesis Settings -> More Settings" to "Off".


+------------------------------------------------------------------------+
; Parameter Settings for User Entity Instance: DATA_MEMORY:u_DATA_MEMORY ;
+----------------+-------+-----------------------------------------------+
; Parameter Name ; Value ; Type                                          ;
+----------------+-------+-----------------------------------------------+
; p_SIZE         ; 32    ; Signed Integer                                ;
+----------------+-------+-----------------------------------------------+
Note: In order to hide this table in the UI and the text report file, please set the "Show Parameter Settings in Synthesis Report" option in "Analysis and Synthesis Settings -> More Settings" to "Off".


+----------------------------------------------------------------------------------------------------------------+
; Port Connectivity Checks: "SHIFT_2_32:u_SHIFT_2_32"                                                            ;
+------+--------+----------+-------------------------------------------------------------------------------------+
; Port ; Type   ; Severity ; Details                                                                             ;
+------+--------+----------+-------------------------------------------------------------------------------------+
; o_r  ; Output ; Info     ; Connected to dangling logic. Logic that only feeds a dangling port will be removed. ;
+------+--------+----------+-------------------------------------------------------------------------------------+


+-----------------------------------------------------+
; Post-Synthesis Netlist Statistics for Top Partition ;
+-----------------------+-----------------------------+
; Type                  ; Count                       ;
+-----------------------+-----------------------------+
; arriav_lcell_comb     ; 1                           ;
;     normal            ; 1                           ;
;         0 data inputs ; 1                           ;
; boundary_port         ; 17                          ;
;                       ;                             ;
; Max LUT depth         ; 0.00                        ;
; Average LUT depth     ; 0.00                        ;
+-----------------------+-----------------------------+


+-------------------------------+
; Elapsed Time Per Partition    ;
+----------------+--------------+
; Partition Name ; Elapsed Time ;
+----------------+--------------+
; Top            ; 00:00:00     ;
+----------------+--------------+


+-------------------------------+
; Analysis & Synthesis Messages ;
+-------------------------------+
Info: *******************************************************************
Info: Running Quartus Prime Analysis & Synthesis
    Info: Version 19.1.0 Build 670 09/22/2019 SJ Lite Edition
    Info: Processing started: Fri Jun 19 03:11:35 2020
Info: Command: quartus_map --read_settings_files=on --write_settings_files=off MIPS -c MIPS
Warning (18236): Number of processors has not been specified which may cause overloading on shared machines.  Set the global assignment NUM_PARALLEL_PROCESSORS in your QSF to an appropriate value for best performance.
Info (20030): Parallel compilation is enabled and will use 4 of the 4 processors detected
Info (12021): Found 2 design units, including 1 entities, in source file u_controller.vhd
    Info (12022): Found design unit 1: u_CONTROLLER-arch_1 File: C:/Users/leosh/OneDrive/햞ea de Trabalho/Trabalhos Faculdade/MIPS_ARQ/trabalho_mips/AV5 MIPS/u_CONTROLLER.vhd Line: 24
    Info (12023): Found entity 1: u_CONTROLLER File: C:/Users/leosh/OneDrive/햞ea de Trabalho/Trabalhos Faculdade/MIPS_ARQ/trabalho_mips/AV5 MIPS/u_CONTROLLER.vhd Line: 6
Info (12021): Found 2 design units, including 1 entities, in source file u_instruction_memory.vhd
    Info (12022): Found design unit 1: u_INSTRUCTION_MEMORY-arch_1 File: C:/Users/leosh/OneDrive/햞ea de Trabalho/Trabalhos Faculdade/MIPS_ARQ/trabalho_mips/AV5 MIPS/u_INSTRUCTION_MEMORY.vhd Line: 14
    Info (12023): Found entity 1: u_INSTRUCTION_MEMORY File: C:/Users/leosh/OneDrive/햞ea de Trabalho/Trabalhos Faculdade/MIPS_ARQ/trabalho_mips/AV5 MIPS/u_INSTRUCTION_MEMORY.vhd Line: 7
Info (12021): Found 2 design units, including 1 entities, in source file u_pc.vhd
    Info (12022): Found design unit 1: u_PC-arch_1 File: C:/Users/leosh/OneDrive/햞ea de Trabalho/Trabalhos Faculdade/MIPS_ARQ/trabalho_mips/AV5 MIPS/u_PC.vhd Line: 16
    Info (12023): Found entity 1: u_PC File: C:/Users/leosh/OneDrive/햞ea de Trabalho/Trabalhos Faculdade/MIPS_ARQ/trabalho_mips/AV5 MIPS/u_PC.vhd Line: 7
Info (12021): Found 2 design units, including 1 entities, in source file bank_register.vhd
    Info (12022): Found design unit 1: BANK_REGISTER-arch_1 File: C:/Users/leosh/OneDrive/햞ea de Trabalho/Trabalhos Faculdade/MIPS_ARQ/trabalho_mips/AV5 MIPS/BANK_REGISTER.vhd Line: 20
    Info (12023): Found entity 1: BANK_REGISTER File: C:/Users/leosh/OneDrive/햞ea de Trabalho/Trabalhos Faculdade/MIPS_ARQ/trabalho_mips/AV5 MIPS/BANK_REGISTER.vhd Line: 5
Info (12021): Found 2 design units, including 1 entities, in source file ula_mips.vhd
    Info (12022): Found design unit 1: ULA_MIPS-arch_1 File: C:/Users/leosh/OneDrive/햞ea de Trabalho/Trabalhos Faculdade/MIPS_ARQ/trabalho_mips/AV5 MIPS/ULA_MIPS.vhd Line: 16
    Info (12023): Found entity 1: ULA_MIPS File: C:/Users/leosh/OneDrive/햞ea de Trabalho/Trabalhos Faculdade/MIPS_ARQ/trabalho_mips/AV5 MIPS/ULA_MIPS.vhd Line: 6
Info (12021): Found 2 design units, including 1 entities, in source file ula_op.vhd
    Info (12022): Found design unit 1: ULA_OP-arch_1 File: C:/Users/leosh/OneDrive/햞ea de Trabalho/Trabalhos Faculdade/MIPS_ARQ/trabalho_mips/AV5 MIPS/ULA_OP.vhd Line: 11
    Info (12023): Found entity 1: ULA_OP File: C:/Users/leosh/OneDrive/햞ea de Trabalho/Trabalhos Faculdade/MIPS_ARQ/trabalho_mips/AV5 MIPS/ULA_OP.vhd Line: 4
Info (12021): Found 2 design units, including 1 entities, in source file data_memory.vhd
    Info (12022): Found design unit 1: DATA_MEMORY-arch_1 File: C:/Users/leosh/OneDrive/햞ea de Trabalho/Trabalhos Faculdade/MIPS_ARQ/trabalho_mips/AV5 MIPS/DATA_MEMORY.vhd Line: 15
    Info (12023): Found entity 1: DATA_MEMORY File: C:/Users/leosh/OneDrive/햞ea de Trabalho/Trabalhos Faculdade/MIPS_ARQ/trabalho_mips/AV5 MIPS/DATA_MEMORY.vhd Line: 5
Info (12021): Found 2 design units, including 1 entities, in source file mux_32.vhd
    Info (12022): Found design unit 1: MUX_32-arch_1 File: C:/Users/leosh/OneDrive/햞ea de Trabalho/Trabalhos Faculdade/MIPS_ARQ/trabalho_mips/AV5 MIPS/MUX_32.vhd Line: 13
    Info (12023): Found entity 1: MUX_32 File: C:/Users/leosh/OneDrive/햞ea de Trabalho/Trabalhos Faculdade/MIPS_ARQ/trabalho_mips/AV5 MIPS/MUX_32.vhd Line: 4
Info (12021): Found 2 design units, including 1 entities, in source file ext_32.vhd
    Info (12022): Found design unit 1: EXT_32-arch_1 File: C:/Users/leosh/OneDrive/햞ea de Trabalho/Trabalhos Faculdade/MIPS_ARQ/trabalho_mips/AV5 MIPS/EXT_32.vhd Line: 10
    Info (12023): Found entity 1: EXT_32 File: C:/Users/leosh/OneDrive/햞ea de Trabalho/Trabalhos Faculdade/MIPS_ARQ/trabalho_mips/AV5 MIPS/EXT_32.vhd Line: 4
Info (12021): Found 2 design units, including 1 entities, in source file adder_32.vhd
    Info (12022): Found design unit 1: ADDER_32-arch_1 File: C:/Users/leosh/OneDrive/햞ea de Trabalho/Trabalhos Faculdade/MIPS_ARQ/trabalho_mips/AV5 MIPS/ADDER_32.vhd Line: 13
    Info (12023): Found entity 1: ADDER_32 File: C:/Users/leosh/OneDrive/햞ea de Trabalho/Trabalhos Faculdade/MIPS_ARQ/trabalho_mips/AV5 MIPS/ADDER_32.vhd Line: 5
Info (12021): Found 2 design units, including 1 entities, in source file shift_2_32.vhd
    Info (12022): Found design unit 1: SHIFT_2_32-arch_1 File: C:/Users/leosh/OneDrive/햞ea de Trabalho/Trabalhos Faculdade/MIPS_ARQ/trabalho_mips/AV5 MIPS/SHIFT_2_32.vhd Line: 10
    Info (12023): Found entity 1: SHIFT_2_32 File: C:/Users/leosh/OneDrive/햞ea de Trabalho/Trabalhos Faculdade/MIPS_ARQ/trabalho_mips/AV5 MIPS/SHIFT_2_32.vhd Line: 4
Info (12021): Found 2 design units, including 1 entities, in source file shift_2_26_28.vhd
    Info (12022): Found design unit 1: SHIFT_2_26_28-arch_1 File: C:/Users/leosh/OneDrive/햞ea de Trabalho/Trabalhos Faculdade/MIPS_ARQ/trabalho_mips/AV5 MIPS/SHIFT_2_26_28.vhd Line: 10
    Info (12023): Found entity 1: SHIFT_2_26_28 File: C:/Users/leosh/OneDrive/햞ea de Trabalho/Trabalhos Faculdade/MIPS_ARQ/trabalho_mips/AV5 MIPS/SHIFT_2_26_28.vhd Line: 4
Info (12021): Found 2 design units, including 1 entities, in source file conc_28_32.vhd
    Info (12022): Found design unit 1: CONC_28_32-arch_1 File: C:/Users/leosh/OneDrive/햞ea de Trabalho/Trabalhos Faculdade/MIPS_ARQ/trabalho_mips/AV5 MIPS/CONC_28_32.vhd Line: 11
    Info (12023): Found entity 1: CONC_28_32 File: C:/Users/leosh/OneDrive/햞ea de Trabalho/Trabalhos Faculdade/MIPS_ARQ/trabalho_mips/AV5 MIPS/CONC_28_32.vhd Line: 4
Info (12021): Found 2 design units, including 1 entities, in source file datapath_mips.vhd
    Info (12022): Found design unit 1: DATAPATH_MIPS-arch_1 File: C:/Users/leosh/OneDrive/햞ea de Trabalho/Trabalhos Faculdade/MIPS_ARQ/trabalho_mips/AV5 MIPS/DATAPATH_MIPS.vhd Line: 22
    Info (12023): Found entity 1: DATAPATH_MIPS File: C:/Users/leosh/OneDrive/햞ea de Trabalho/Trabalhos Faculdade/MIPS_ARQ/trabalho_mips/AV5 MIPS/DATAPATH_MIPS.vhd Line: 6
Info (12021): Found 2 design units, including 1 entities, in source file mux_5.vhd
    Info (12022): Found design unit 1: MUX_5-arch_1 File: C:/Users/leosh/OneDrive/햞ea de Trabalho/Trabalhos Faculdade/MIPS_ARQ/trabalho_mips/AV5 MIPS/MUX_5.vhd Line: 13
    Info (12023): Found entity 1: MUX_5 File: C:/Users/leosh/OneDrive/햞ea de Trabalho/Trabalhos Faculdade/MIPS_ARQ/trabalho_mips/AV5 MIPS/MUX_5.vhd Line: 4
Info (12127): Elaborating entity "DATAPATH_MIPS" for the top level hierarchy
Warning (10036): Verilog HDL or VHDL warning at DATAPATH_MIPS.vhd(146): object "w_OUT_SHIFT_32" assigned a value but never read File: C:/Users/leosh/OneDrive/햞ea de Trabalho/Trabalhos Faculdade/MIPS_ARQ/trabalho_mips/AV5 MIPS/DATAPATH_MIPS.vhd Line: 146
Warning (10541): VHDL Signal Declaration warning at DATAPATH_MIPS.vhd(147): used implicit default value for signal "w_OUT_ADDER" because signal was never assigned a value or an explicit default value. Use of implicit default value may introduce unintended design optimizations. File: C:/Users/leosh/OneDrive/햞ea de Trabalho/Trabalhos Faculdade/MIPS_ARQ/trabalho_mips/AV5 MIPS/DATAPATH_MIPS.vhd Line: 147
Warning (10036): Verilog HDL or VHDL warning at DATAPATH_MIPS.vhd(157): object "w_SHAMT" assigned a value but never read File: C:/Users/leosh/OneDrive/햞ea de Trabalho/Trabalhos Faculdade/MIPS_ARQ/trabalho_mips/AV5 MIPS/DATAPATH_MIPS.vhd Line: 157
Info (12128): Elaborating entity "u_PC" for hierarchy "u_PC:u_PC1" File: C:/Users/leosh/OneDrive/햞ea de Trabalho/Trabalhos Faculdade/MIPS_ARQ/trabalho_mips/AV5 MIPS/DATAPATH_MIPS.vhd Line: 177
Info (12128): Elaborating entity "u_INSTRUCTION_MEMORY" for hierarchy "u_INSTRUCTION_MEMORY:u_INSTRUCTION_MEMORY1" File: C:/Users/leosh/OneDrive/햞ea de Trabalho/Trabalhos Faculdade/MIPS_ARQ/trabalho_mips/AV5 MIPS/DATAPATH_MIPS.vhd Line: 187
Info (12128): Elaborating entity "MUX_32" for hierarchy "MUX_32:u_MUX_5" File: C:/Users/leosh/OneDrive/햞ea de Trabalho/Trabalhos Faculdade/MIPS_ARQ/trabalho_mips/AV5 MIPS/DATAPATH_MIPS.vhd Line: 193
Info (12128): Elaborating entity "MUX_32" for hierarchy "MUX_32:u_MUX_32_ULA" File: C:/Users/leosh/OneDrive/햞ea de Trabalho/Trabalhos Faculdade/MIPS_ARQ/trabalho_mips/AV5 MIPS/DATAPATH_MIPS.vhd Line: 203
Info (12128): Elaborating entity "BANK_REGISTER" for hierarchy "BANK_REGISTER:u_BANK_REGISTER" File: C:/Users/leosh/OneDrive/햞ea de Trabalho/Trabalhos Faculdade/MIPS_ARQ/trabalho_mips/AV5 MIPS/DATAPATH_MIPS.vhd Line: 243
Info (12128): Elaborating entity "ULA_OP" for hierarchy "ULA_OP:u_ULA_OP" File: C:/Users/leosh/OneDrive/햞ea de Trabalho/Trabalhos Faculdade/MIPS_ARQ/trabalho_mips/AV5 MIPS/DATAPATH_MIPS.vhd Line: 255
Info (12128): Elaborating entity "ULA_MIPS" for hierarchy "ULA_MIPS:u_ULA_MIPS" File: C:/Users/leosh/OneDrive/햞ea de Trabalho/Trabalhos Faculdade/MIPS_ARQ/trabalho_mips/AV5 MIPS/DATAPATH_MIPS.vhd Line: 262
Info (12128): Elaborating entity "DATA_MEMORY" for hierarchy "DATA_MEMORY:u_DATA_MEMORY" File: C:/Users/leosh/OneDrive/햞ea de Trabalho/Trabalhos Faculdade/MIPS_ARQ/trabalho_mips/AV5 MIPS/DATAPATH_MIPS.vhd Line: 273
Info (12128): Elaborating entity "EXT_32" for hierarchy "EXT_32:u_EXT_32" File: C:/Users/leosh/OneDrive/햞ea de Trabalho/Trabalhos Faculdade/MIPS_ARQ/trabalho_mips/AV5 MIPS/DATAPATH_MIPS.vhd Line: 284
Info (12128): Elaborating entity "SHIFT_2_32" for hierarchy "SHIFT_2_32:u_SHIFT_2_32" File: C:/Users/leosh/OneDrive/햞ea de Trabalho/Trabalhos Faculdade/MIPS_ARQ/trabalho_mips/AV5 MIPS/DATAPATH_MIPS.vhd Line: 289
Info (12128): Elaborating entity "SHIFT_2_26_28" for hierarchy "SHIFT_2_26_28:u_SHIFT_2_26_28" File: C:/Users/leosh/OneDrive/햞ea de Trabalho/Trabalhos Faculdade/MIPS_ARQ/trabalho_mips/AV5 MIPS/DATAPATH_MIPS.vhd Line: 294
Info (12128): Elaborating entity "CONC_28_32" for hierarchy "CONC_28_32:u_CONC_28_32" File: C:/Users/leosh/OneDrive/햞ea de Trabalho/Trabalhos Faculdade/MIPS_ARQ/trabalho_mips/AV5 MIPS/DATAPATH_MIPS.vhd Line: 299
Info (276014): Found 2 instances of uninferred RAM logic
    Info (276007): RAM logic "DATA_MEMORY:u_DATA_MEMORY|w_MEMORY" is uninferred due to asynchronous read logic File: C:/Users/leosh/OneDrive/햞ea de Trabalho/Trabalhos Faculdade/MIPS_ARQ/trabalho_mips/AV5 MIPS/DATA_MEMORY.vhd Line: 19
    Info (276004): RAM logic "u_INSTRUCTION_MEMORY:u_INSTRUCTION_MEMORY1|rom_data" is uninferred due to inappropriate RAM size File: C:/Users/leosh/OneDrive/햞ea de Trabalho/Trabalhos Faculdade/MIPS_ARQ/trabalho_mips/AV5 MIPS/u_INSTRUCTION_MEMORY.vhd Line: 18
Warning (13024): Output pins are stuck at VCC or GND
    Warning (13410): Pin "o_OP[0]" is stuck at GND File: C:/Users/leosh/OneDrive/햞ea de Trabalho/Trabalhos Faculdade/MIPS_ARQ/trabalho_mips/AV5 MIPS/DATAPATH_MIPS.vhd Line: 19
    Warning (13410): Pin "o_OP[1]" is stuck at GND File: C:/Users/leosh/OneDrive/햞ea de Trabalho/Trabalhos Faculdade/MIPS_ARQ/trabalho_mips/AV5 MIPS/DATAPATH_MIPS.vhd Line: 19
    Warning (13410): Pin "o_OP[2]" is stuck at GND File: C:/Users/leosh/OneDrive/햞ea de Trabalho/Trabalhos Faculdade/MIPS_ARQ/trabalho_mips/AV5 MIPS/DATAPATH_MIPS.vhd Line: 19
    Warning (13410): Pin "o_OP[3]" is stuck at GND File: C:/Users/leosh/OneDrive/햞ea de Trabalho/Trabalhos Faculdade/MIPS_ARQ/trabalho_mips/AV5 MIPS/DATAPATH_MIPS.vhd Line: 19
    Warning (13410): Pin "o_OP[4]" is stuck at GND File: C:/Users/leosh/OneDrive/햞ea de Trabalho/Trabalhos Faculdade/MIPS_ARQ/trabalho_mips/AV5 MIPS/DATAPATH_MIPS.vhd Line: 19
    Warning (13410): Pin "o_OP[5]" is stuck at GND File: C:/Users/leosh/OneDrive/햞ea de Trabalho/Trabalhos Faculdade/MIPS_ARQ/trabalho_mips/AV5 MIPS/DATAPATH_MIPS.vhd Line: 19
Info (17049): 286 registers lost all their fanouts during netlist optimizations.
Info (16010): Generating hard_block partition "hard_block:auto_generated_inst"
    Info (16011): Adding 0 node(s), including 0 DDIO, 0 PLL, 0 transceiver and 0 LCELL
Warning (21074): Design contains 11 input pin(s) that do not drive logic
    Warning (15610): No output dependent on input pin "i_RegDst" File: C:/Users/leosh/OneDrive/햞ea de Trabalho/Trabalhos Faculdade/MIPS_ARQ/trabalho_mips/AV5 MIPS/DATAPATH_MIPS.vhd Line: 11
    Warning (15610): No output dependent on input pin "i_CLK" File: C:/Users/leosh/OneDrive/햞ea de Trabalho/Trabalhos Faculdade/MIPS_ARQ/trabalho_mips/AV5 MIPS/DATAPATH_MIPS.vhd Line: 9
    Warning (15610): No output dependent on input pin "i_Branch" File: C:/Users/leosh/OneDrive/햞ea de Trabalho/Trabalhos Faculdade/MIPS_ARQ/trabalho_mips/AV5 MIPS/DATAPATH_MIPS.vhd Line: 17
    Warning (15610): No output dependent on input pin "i_ALU_OP[0]" File: C:/Users/leosh/OneDrive/햞ea de Trabalho/Trabalhos Faculdade/MIPS_ARQ/trabalho_mips/AV5 MIPS/DATAPATH_MIPS.vhd Line: 18
    Warning (15610): No output dependent on input pin "i_ALU_OP[1]" File: C:/Users/leosh/OneDrive/햞ea de Trabalho/Trabalhos Faculdade/MIPS_ARQ/trabalho_mips/AV5 MIPS/DATAPATH_MIPS.vhd Line: 18
    Warning (15610): No output dependent on input pin "i_ALUSrc" File: C:/Users/leosh/OneDrive/햞ea de Trabalho/Trabalhos Faculdade/MIPS_ARQ/trabalho_mips/AV5 MIPS/DATAPATH_MIPS.vhd Line: 12
    Warning (15610): No output dependent on input pin "i_Jump" File: C:/Users/leosh/OneDrive/햞ea de Trabalho/Trabalhos Faculdade/MIPS_ARQ/trabalho_mips/AV5 MIPS/DATAPATH_MIPS.vhd Line: 16
    Warning (15610): No output dependent on input pin "i_RSTn" File: C:/Users/leosh/OneDrive/햞ea de Trabalho/Trabalhos Faculdade/MIPS_ARQ/trabalho_mips/AV5 MIPS/DATAPATH_MIPS.vhd Line: 10
    Warning (15610): No output dependent on input pin "i_MemtoReg" File: C:/Users/leosh/OneDrive/햞ea de Trabalho/Trabalhos Faculdade/MIPS_ARQ/trabalho_mips/AV5 MIPS/DATAPATH_MIPS.vhd Line: 13
    Warning (15610): No output dependent on input pin "i_RegWrite" File: C:/Users/leosh/OneDrive/햞ea de Trabalho/Trabalhos Faculdade/MIPS_ARQ/trabalho_mips/AV5 MIPS/DATAPATH_MIPS.vhd Line: 14
    Warning (15610): No output dependent on input pin "i_MemWrite" File: C:/Users/leosh/OneDrive/햞ea de Trabalho/Trabalhos Faculdade/MIPS_ARQ/trabalho_mips/AV5 MIPS/DATAPATH_MIPS.vhd Line: 15
Info (21057): Implemented 17 device resources after synthesis - the final resource count might be different
    Info (21058): Implemented 11 input pins
    Info (21059): Implemented 6 output pins
Info: Quartus Prime Analysis & Synthesis was successful. 0 errors, 23 warnings
    Info: Peak virtual memory: 4857 megabytes
    Info: Processing ended: Fri Jun 19 03:11:46 2020
    Info: Elapsed time: 00:00:11
    Info: Total CPU time (on all processors): 00:00:25


